<?xml version="1.0" encoding="UTF-8"?>
<!-- Generated by org.testng.reporters.JUnitXMLReporter -->
<testsuite ignored="0" hostname="DESKTOP-T33Q63B" failures="0" tests="1" name="Command line test" time="0.019" errors="0" timestamp="2024-04-02T16:43:43 IST">
  <testcase classname="org.example.POS_UI_Test.TestCases.BaseClass" name="@BeforeTest setup" time="-1.712056423238E9">
    <failure type="org.testng.TestNGException" message="
Parameter &amp;apos;browser&amp;apos; is required by BeforeTest on method setup but has not been marked @Optional or defined
">
      <![CDATA[org.testng.TestNGException: 
Parameter 'browser' is required by BeforeTest on method setup but has not been marked @Optional or defined

at org.example.POS_UI_Test.TestCases.ProfileSetting.POS_Setting.POS_Setting_Test.Validating_POS_Setting_Form(POS_Setting_Test.java:22)
at java.base/java.util.ArrayList.forEach(ArrayList.java:1511)
at com.intellij.rt.testng.IDEARemoteTestNG.run(IDEARemoteTestNG.java:65)
at com.intellij.rt.testng.RemoteTestNGStarter.main(RemoteTestNGStarter.java:105)
... Removed 40 stack frames]]>
    </failure>
  </testcase> <!-- @BeforeTest setup -->
  <testcase classname="org.example.POS_UI_Test.TestCases.BaseClass" name="@BeforeMethod loginMethod" time="0.0">
    <skipped/>
  </testcase> <!-- @BeforeMethod loginMethod -->
  <testcase classname="org.example.POS_UI_Test.TestCases.ProfileSetting.POS_Setting.POS_Setting_Test" name="Validating_POS_Setting_Form" time="0.0">
    <skipped/>
  </testcase> <!-- Validating_POS_Setting_Form -->
</testsuite> <!-- Command line test -->
